生成启动时间为 2019/4/11 星期四 22:25:27。
     1>项目“D:\Visual Studio 2013\比特\day_07\day_07\day_07.vcxproj”在节点 2 上(Build 个目标)。
     1>ClCompile:
         D:\Visual Studio 2013\安装包\Visual Studio2013\VC\bin\CL.exe /c /ZI /nologo /W3 /WX- /sdl /Od /Oy- /D _MBCS /Gm /EHsc /RTC1 /MDd /GS /fp:precise /Zc:wchar_t /Zc:forScope /Fo"Debug\\" /Fd"Debug\vc120.pdb" /Gd /TC /analyze- /errorReport:prompt "test4(2).c" test7.c
         test7.c
         test4(2).c
     1>d:\visual studio 2013\比特\day_07\day_07\test4(2).c(12): warning C4013: “fac”未定义；假设外部返回 int
         正在生成代码...
       Link:
         D:\Visual Studio 2013\安装包\Visual Studio2013\VC\bin\link.exe /ERRORREPORT:PROMPT /OUT:"D:\Visual Studio 2013\比特\day_07\Debug\day_07.exe" /INCREMENTAL /NOLOGO kernel32.lib user32.lib gdi32.lib winspool.lib comdlg32.lib advapi32.lib shell32.lib ole32.lib oleaut32.lib uuid.lib odbc32.lib odbccp32.lib /MANIFEST /MANIFESTUAC:"level='asInvoker' uiAccess='false'" /manifest:embed /DEBUG /PDB:"D:\Visual Studio 2013\比特\day_07\Debug\day_07.pdb" /TLBID:1 /DYNAMICBASE /NXCOMPAT /IMPLIB:"D:\Visual Studio 2013\比特\day_07\Debug\day_07.lib" /MACHINE:X86 Debug\test.obj
         Debug\test1.obj
         Debug\test2.obj
         "Debug\test4(2).obj"
         "Debug\test4(1).obj"
         Debug\test7.obj
         Debug\tset3.obj
     1>test4(2).obj : error LNK2019: 无法解析的外部符号 _fac，该符号在函数 _fac2 中被引用
     1>test4(1).obj : error LNK2001: 无法解析的外部符号 _fac
     1>D:\Visual Studio 2013\比特\day_07\Debug\day_07.exe : fatal error LNK1120: 1 个无法解析的外部命令
     1>已完成生成项目“D:\Visual Studio 2013\比特\day_07\day_07\day_07.vcxproj”(Build 个目标)的操作 - 失败。

生成失败。

已用时间 00:00:00.74
