生成启动时间为 2019/3/25 星期一 17:52:09。
     1>项目“D:\Visual Studio 2013\比特\test_3_20\test_3_20\test_3_20.vcxproj”在节点 2 上(Build 个目标)。
     1>ClCompile:
         E:\安装包\Visual Studio2013\VC\bin\CL.exe /c /ZI /nologo /W3 /WX- /sdl /Od /Oy- /D _MBCS /Gm /EHsc /RTC1 /MDd /GS /fp:precise /Zc:wchar_t /Zc:forScope /Fo"Debug\\" /Fd"Debug\vc120.pdb" /Gd /TC /analyze- /errorReport:prompt test.c test1.c test2.c
         test2.c
     1>d:\visual studio 2013\比特\test_3_20\test_3_20\test2.c(15): error C4996: 'scanf': This function or variable may be unsafe. Consider using scanf_s instead. To disable deprecation, use _CRT_SECURE_NO_WARNINGS. See online help for details.
                 e:\安装包\visual studio2013\vc\include\stdio.h(283) : 参见“scanf”的声明
         test1.c
     1>d:\visual studio 2013\比特\test_3_20\test_3_20\test1.c(12): error C2143: 语法错误 : 缺少“;”(在“while”的前面)
     1>d:\visual studio 2013\比特\test_3_20\test_3_20\test1.c(20): warning C4244: “+=”: 从“double”转换到“int”，可能丢失数据
         test.c
     1>d:\visual studio 2013\比特\test_3_20\test_3_20\test.c(7): error C4996: 'scanf': This function or variable may be unsafe. Consider using scanf_s instead. To disable deprecation, use _CRT_SECURE_NO_WARNINGS. See online help for details.
                 e:\安装包\visual studio2013\vc\include\stdio.h(283) : 参见“scanf”的声明
         正在生成代码...
     1>已完成生成项目“D:\Visual Studio 2013\比特\test_3_20\test_3_20\test_3_20.vcxproj”(Build 个目标)的操作 - 失败。

生成失败。

已用时间 00:00:02.79
